<?xml version="1.0" encoding="UTF-8"?>
<!-- Generated by org.testng.reporters.JUnitReportReporter -->
<testsuite hostname="DESKTOP-N9IAUI1" failures="0" tests="1" name="API_concepts4.Authentications" time="3.087" errors="0" timestamp="2023-10-01T12:18:01 IST" skipped="0">
  <testcase classname="API_concepts4.Authentications" name="testAPIKeyAuthen" time="3.087"/>
  <system-out/>
</testsuite> <!-- API_concepts4.Authentications -->
