<?xml version="1.0" encoding="UTF-8"?>
<!-- Generated by org.testng.reporters.JUnitReportReporter -->
<testsuite hostname="DESKTOP-N9IAUI1" failures="0" tests="1" name="API_concepts5.FakerDataGenerator" time="0.347" errors="0" timestamp="2023-10-02T11:10:01 IST" skipped="0">
  <testcase classname="API_concepts5.FakerDataGenerator" name="generateFakeData" time="0.347"/>
  <system-out/>
</testsuite> <!-- API_concepts5.FakerDataGenerator -->
