<?xml version="1.0" encoding="UTF-8"?>
<!-- Generated by org.testng.reporters.JUnitReportReporter -->
<testsuite hostname="DESKTOP-N9IAUI1" failures="0" tests="1" name="API_concepts3.ParseXMLResponse" time="3.759" errors="0" timestamp="2023-09-27T15:45:10 IST" skipped="0">
  <testcase classname="API_concepts3.ParseXMLResponse" name="parseXMLResponse" time="3.759"/>
  <system-out/>
</testsuite> <!-- API_concepts3.ParseXMLResponse -->
